[2024-03-15 12:43:30,409] multiqc                                            [DEBUG  ]  This is MultiQC v1.15
[2024-03-15 12:43:30,409] multiqc                                            [DEBUG  ]  Command used: /programs/multiqc-1.15/bin/multiqc . --force
[2024-03-15 12:43:30,925] multiqc                                            [WARNING]  MultiQC Version v1.21 now available!
[2024-03-15 12:43:30,926] multiqc                                            [DEBUG  ]  Working dir : /local/workdir/alm379/git_repos/Cui_Comp_Micro_project/data/raw_data/raw_fastq_gz
[2024-03-15 12:43:30,926] multiqc                                            [DEBUG  ]  Template    : default
[2024-03-15 12:43:30,926] multiqc                                            [DEBUG  ]  Running Python 3.9.10 (main, Feb  9 2022, 00:00:00)  [GCC 11.2.1 20220127 (Red Hat 11.2.1-9)]
[2024-03-15 12:43:30,926] multiqc                                            [DEBUG  ]  Analysing modules: custom_content, ccs, ngsderive, purple, conpair, lima, peddy, somalier, methylQA, mosdepth, phantompeakqualtools, qualimap, preseq, hifiasm, quast, qorts, rna_seqc, rockhopper, rsem, rseqc, busco, bustools, goleft_indexcov, gffcompare, disambiguate, supernova, deeptools, sargasso, verifybamid, mirtrace, happy, mirtop, sambamba, gopeaks, homer, hops, macs2, theta2, snpeff, gatk, htseq, bcftools, featureCounts, fgbio, dragen, dragen_fastqc, dedup, pbmarkdup, damageprofiler, biobambam2, jcvi, mtnucratio, picard, vep, sentieon, prokka, qc3C, nanostat, samblaster, samtools, sexdeterrmine, eigenstratdatabasetools, bamtools, jellyfish, vcftools, longranger, stacks, varscan2, snippy, umitools, bbmap, bismark, biscuit, diamond, hicexplorer, hicup, hicpro, salmon, kallisto, slamdunk, star, hisat2, tophat, bowtie2, bowtie1, cellranger, snpsplit, odgi, pangolin, nextclade, humid, kat, leehom, librarian, adapterRemoval, bbduk, clipandmerge, cutadapt, flexbar, kaiju, kraken, malt, motus, trimmomatic, sickle, skewer, sortmerna, biobloomtools, fastq_screen, afterqc, fastp, fastqc, filtlong, prinseqplusplus, pychopper, porechop, pycoqc, minionqc, anglerfish, multivcfanalyzer, clusterflow, checkqc, bcl2fastq, bclconvert, interop, ivar, flash, seqyclean, optitype, whatshap
[2024-03-15 12:43:30,926] multiqc                                            [DEBUG  ]  Using temporary directory for creating report: /tmp/tmpwzb9uw65
[2024-03-15 12:43:31,118] multiqc                                            [INFO   ]  Search path : /local/workdir/alm379/git_repos/Cui_Comp_Micro_project/data/raw_data/raw_fastq_gz
[2024-03-15 12:43:31,933] multiqc                                            [DEBUG  ]  Summary of files that were skipped by the search: [skipped_module_specific_max_filesize: 829] // [skipped_no_match: 152] // [skipped_ignore_pattern: 74] // [skipped_directory_fn_ignore_dirs: 1]
[2024-03-15 12:43:32,224] multiqc.plots.bargraph                             [DEBUG  ]  Using matplotlib version 3.6.0
[2024-03-15 12:43:32,229] multiqc.plots.linegraph                            [DEBUG  ]  Using matplotlib version 3.6.0
[2024-03-15 12:43:32,231] multiqc                                            [DEBUG  ]  No samples found: custom_content
[2024-03-15 12:43:33,331] multiqc                                            [DEBUG  ]  No samples found: snippy
[2024-03-15 12:43:33,599] multiqc.modules.fastqc.fastqc                      [INFO   ]  Found 72 reports
[2024-03-15 12:43:34,780] multiqc                                            [DEBUG  ]  Compressing plot data
[2024-03-15 12:43:35,476] multiqc                                            [INFO   ]  Report      : multiqc_report.html   (overwritten)
[2024-03-15 12:43:35,477] multiqc                                            [INFO   ]  Data        : multiqc_data   (overwritten)
[2024-03-15 12:43:35,477] multiqc                                            [DEBUG  ]  Moving data file from '/tmp/tmpwzb9uw65/multiqc_data' to '/local/workdir/alm379/git_repos/Cui_Comp_Micro_project/data/raw_data/raw_fastq_gz/multiqc_data'
[2024-03-15 12:43:35,632] multiqc                                            [INFO   ]  MultiQC complete
